     1                                  ; http://tsurugidake.hatenablog.jp/entry/2017/08/15/202414
     2                                  ; hello-os
     3                                  ; TAB=4
     4                                  
     5                                          ORG     0x7c00          ; このプログラムがメモリ上のどこによみこまれるのか
     6                                  
     7                                  ; ディスクのための記述
     8                                  ;                                                   offset  Byte
     9 00000000 EB4E                            JMP     entry           ; BS_JmpBoot        0         : jump to bootstrap program
    10 00000002 90                              DB      0x90            ; BS_JmpBoot                1
    11 00000003 48454C4C4F49504C                DB      "HELLOIPL"      ; BS_OEMName        3       8
    12 0000000B 0002                            DW      512             ; BPB_BytsPerSec    11      2 : バイト単位のセクタ サイズ
    13 0000000D 01                              DB      1               ; BPB_SecPerClus    13      1 : アロケーション ユニット(<-クラスタ)(割り当て単位)当たりのセクタ数
    14 0000000E 0100                            DW      1               ; BPB_RsvdSecCnt    14      2 : 予約領域のセクタ数 (少なくともこのBPBを含むブートセクタそれ自身が存在するため、0であってはならない)
    15 00000010 02                              DB      2               ; BPB_NumFATs       16      1 : FATの個数 (このフィールドの値は常に2に設定すべきである)
    16 00000011 E000                            DW      224             ; BPB_RootEntCnt    17      2 : ルートディレクトリに含まれるディレクトリエントリの数を示す
    17 00000013 400B                            DW      2880            ; BPB_TotSec16      19      2 : ボリュームの総セクタ数(古い16ビット フィールド)
    18 00000015 F0                              DB      0xf0            ; BPB_Media         21      1 : メディアタイプ(区画分けされた固定ディスク ドライブでは0xF8が標準値である。区画分けされないリムーバブル 
    19 00000016 0900                            DW      9               ; BPB_FATSz16       22      2 : 1個のFATが占めるセクタ数
    20 00000018 1200                            DW      18              ; BPB_SecPerTrk     24      2 : トラック当たりのセクタ数
    21 0000001A 0200                            DW      2               ; BPB_NumHeads      26      2 : ヘッドの数
    22 0000001C 00000000                        DD      0               ; BPB_HiddSec       28      4 : ストレージ上でこのボリュームの手前に存在する隠れた物理セクタの数(ボリュームがストレージの先頭から始ま
    23 00000020 400B0000                        DD      2880            ; BPB_TotSec32      32      4 : ボリュームの総セクタ数(新しい32ビット フィールド)
    24                                  
    25                                  
    26                                  ; FAT12/16におけるオフセット36以降のフィールド
    27                                          ;DB      0, 0, 0x29      ; 以下の３行に分けて記述
    28 00000024 00                              DB      0x00            ; BS_DrvNum         36      1
    29 00000025 00                              DB      0x00            ; BS_Reserved1      37      1
    30 00000026 29                              DB      0x29            ; BS_BootSig        38      1
    31                                  
    32 00000027 FFFFFFFF                        DD      0xffffffff      ; BS_VolID          39      4 : ボリュームシリアル番号
    33 0000002B 48454C4C4F2D4F5320-             DB      "HELLO-OS   "   ; BS_VolLab         43      11 : ディスクの名前(ルート ディレクトリに記録される11バイトのボリューム ラベルに一致する)
    34 00000034 2020               
    35 00000036 4641543132202020                DB      "FAT12   "      ; BS_FilSysType     54      8 : フォーマットの名前
    36 0000003E <res 00000012>                  RESB    18              ; とりあえず18バイト開けておく
    37          ******************       warning: uninitialized space declared in .text section: zeroing
    38                                  
    39                                  ; START BS_BootCode                                 64      448
    40                                  ; (ブートストラップ プログラム。システム依存フィールドで、未使用時はゼロで埋める。)
    41                                  entry:
    42 00000050 B80000                          MOV     AX, 0            ; レジスタの初期化
    43 00000053 8ED0                            MOV     SS, AX
    44 00000055 BC007C                          MOV     SP, 0x7c00
    45 00000058 8ED8                            MOV     DS, AX
    46 0000005A 8EC0                            MOV     ES, AX
    47                                  
    48 0000005C BE[7400]                        MOV     SI, msg
    49                                  putloop:
    50 0000005F 8A04                            MOV     AL, [SI]        ; BYTE (accumulator low)
    51 00000061 83C601                          ADD     SI, 1           ; increment
    52 00000064 3C00                            CMP     AL, 0           ; compare (<end msg>)
    53 00000066 7409                            JE      fin             ; jump to fin if equal to 0
    54 00000068 B40E                            MOV     AH, 0x0e        ; AH = 0x0e
    55 0000006A BB0F00                          MOV     BX, 15          ; BH = 0, BL = <color code>
    56 0000006D CD10                            INT     0x10            ; interrupt BIOS
    57 0000006F EBEE                            JMP     putloop
    58                                  fin:
    59 00000071 F4                              HLT
    60 00000072 EBFD                            JMP     fin
    61                                  
    62                                  msg:
    63 00000074 0A0A                            DB      0x0a, 0x0a
    64 00000076 68656C6C6F2C20776F-             DB      "hello, world"
    65 0000007F 726C64             
    66 00000082 0A                              DB      0x0a
    67 00000083 00                              DB      0               ; end msg
    68                                  
    69                                          ;RESB    0x7dfe-($-$$)  ; これだとエラーが出た。。。
    70 00000084 <res 0000017A>                  RESB    0x7dfe-0x7c00-($-$$)    ; 現在の場所から0x1fdまで(残りの未使用領域)を0で埋める。
    71          ******************       warning: uninitialized space declared in .text section: zeroing
    72                                  ; END BS_BootCode
    73                                  
    74 000001FE 55AA                            DB      0x55, 0xaa      ; BS_BootSign       510     2 : 以下の記述と同様
    75                                          ;DW      0xAA55
    76                                  
