     1 00000000                                 [FORMAT "WCOFF"]
     2 00000000                                 [INSTRSET "i486p"]
     3 00000000                                 [OPTIMIZE 1]
     4 00000000                                 [OPTION 1]
     5 00000000                                 [BITS 32]
     6 00000000                                 	EXTERN	_init_gdtidt
     7 00000000                                 	EXTERN	_init_pic
     8 00000000                                 	EXTERN	_io_sti
     9 00000000                                 	EXTERN	_init_palette
    10 00000000                                 	EXTERN	_init_screen8
    11 00000000                                 	EXTERN	_init_mouse_cursor8
    12 00000000                                 	EXTERN	_putblock8_8
    13 00000000                                 	EXTERN	_putfonts8_asc
    14 00000000                                 	EXTERN	_io_out8
    15 00000000                                 	EXTERN	_io_hlt
    16 00000000                                 [FILE "bootpack.c"]
    17                                          [SECTION .text]
    18 00000000                                 	GLOBAL	_HariMain
    19 00000000                                 _HariMain:
    20 00000000 55                              	PUSH	EBP
    21 00000001 89 E5                           	MOV	EBP,ESP
    22 00000003 57                              	PUSH	EDI
    23 00000004 56                              	PUSH	ESI
    24 00000005 53                              	PUSH	EBX
    25 00000006 8D 9D FFFFFEC4                  	LEA	EBX,DWORD [-316+EBP]
    26 0000000C 81 EC 00000130                  	SUB	ESP,304
    27 00000012 E8 [00000000]                   	CALL	_init_gdtidt
    28 00000017 E8 [00000000]                   	CALL	_init_pic
    29 0000001C E8 [00000000]                   	CALL	_io_sti
    30 00000021 E8 [00000000]                   	CALL	_init_palette
    31 00000026 0F BF 15 00000FF6               	MOVSX	EDX,WORD [4086]
    32 0000002D 52                              	PUSH	EDX
    33 0000002E 0F BF 15 00000FF4               	MOVSX	EDX,WORD [4084]
    34 00000035 52                              	PUSH	EDX
    35 00000036 FF 35 00000FF8                  	PUSH	DWORD [4088]
    36 0000003C E8 [00000000]                   	CALL	_init_screen8
    37 00000041 B9 00000002                     	MOV	ECX,2
    38 00000046 0F BF 05 00000FF4               	MOVSX	EAX,WORD [4084]
    39 0000004D 8D 50 F0                        	LEA	EDX,DWORD [-16+EAX]
    40 00000050 89 D0                           	MOV	EAX,EDX
    41 00000052 99                              	CDQ
    42 00000053 F7 F9                           	IDIV	ECX
    43 00000055 0F BF 15 00000FF6               	MOVSX	EDX,WORD [4086]
    44 0000005C 83 EA 2C                        	SUB	EDX,44
    45 0000005F 89 C7                           	MOV	EDI,EAX
    46 00000061 89 D0                           	MOV	EAX,EDX
    47 00000063 6A 0E                           	PUSH	14
    48 00000065 99                              	CDQ
    49 00000066 F7 F9                           	IDIV	ECX
    50 00000068 53                              	PUSH	EBX
    51 00000069 89 C6                           	MOV	ESI,EAX
    52 0000006B E8 [00000000]                   	CALL	_init_mouse_cursor8
    53 00000070 6A 10                           	PUSH	16
    54 00000072 53                              	PUSH	EBX
    55 00000073 56                              	PUSH	ESI
    56 00000074 57                              	PUSH	EDI
    57 00000075 6A 10                           	PUSH	16
    58 00000077 6A 10                           	PUSH	16
    59 00000079 0F BF 15 00000FF4               	MOVSX	EDX,WORD [4084]
    60 00000080 52                              	PUSH	EDX
    61 00000081 FF 35 00000FF8                  	PUSH	DWORD [4088]
    62 00000087 E8 [00000000]                   	CALL	_putblock8_8
    63 0000008C 8D 55 C4                        	LEA	EDX,DWORD [-60+EBP]
    64 0000008F 83 C4 34                        	ADD	ESP,52
    65 00000092 52                              	PUSH	EDX
    66 00000093 6A 07                           	PUSH	7
    67 00000095 6A 00                           	PUSH	0
    68 00000097 6A 00                           	PUSH	0
    69 00000099 0F BF 15 00000FF4               	MOVSX	EDX,WORD [4084]
    70 000000A0 52                              	PUSH	EDX
    71 000000A1 FF 35 00000FF8                  	PUSH	DWORD [4088]
    72 000000A7 E8 [00000000]                   	CALL	_putfonts8_asc
    73 000000AC 68 000000F9                     	PUSH	249
    74 000000B1 6A 21                           	PUSH	33
    75 000000B3 E8 [00000000]                   	CALL	_io_out8
    76 000000B8 83 C4 20                        	ADD	ESP,32
    77 000000BB 68 000000EF                     	PUSH	239
    78 000000C0 68 000000A1                     	PUSH	161
    79 000000C5 E8 [00000000]                   	CALL	_io_out8
    80 000000CA 58                              	POP	EAX
    81 000000CB 5A                              	POP	EDX
    82 000000CC                                 L2:
    83 000000CC E8 [00000000]                   	CALL	_io_hlt
    84 000000D1 EB F9                           	JMP	L2
